Added Component: Designator=+5V(HDR1X3)
Add component. Clean all parameters for all variants
Add component (AddParameter): Name = "LatestRevisionDate"; Value = "17-Jul-2002"; VariantName = "[No Variations]"
Add component (AddParameter): Name = "LatestRevisionNote"; Value = "Re-released for DXP Platform."; VariantName = "[No Variations]"
Add component (AddParameter): Name = "Publisher"; Value = "Altium Limited"; VariantName = "[No Variations]"
Added Component: Designator=+6V(HDR1X3)
Add component. Clean all parameters for all variants
Add component (AddParameter): Name = "LatestRevisionDate"; Value = "17-Jul-2002"; VariantName = "[No Variations]"
Add component (AddParameter): Name = "LatestRevisionNote"; Value = "Re-released for DXP Platform."; VariantName = "[No Variations]"
Add component (AddParameter): Name = "Publisher"; Value = "Altium Limited"; VariantName = "[No Variations]"
Added Component: Designator=GND (5V)(HDR1X3)
Add component. Clean all parameters for all variants
Add component (AddParameter): Name = "LatestRevisionDate"; Value = "17-Jul-2002"; VariantName = "[No Variations]"
Add component (AddParameter): Name = "LatestRevisionNote"; Value = "Re-released for DXP Platform."; VariantName = "[No Variations]"
Add component (AddParameter): Name = "Publisher"; Value = "Altium Limited"; VariantName = "[No Variations]"
Added Component: Designator=GND (6V)(HDR1X3)
Add component. Clean all parameters for all variants
Add component (AddParameter): Name = "LatestRevisionDate"; Value = "17-Jul-2002"; VariantName = "[No Variations]"
Add component (AddParameter): Name = "LatestRevisionNote"; Value = "Re-released for DXP Platform."; VariantName = "[No Variations]"
Add component (AddParameter): Name = "Publisher"; Value = "Altium Limited"; VariantName = "[No Variations]"
Added Component: Designator=leftMotor(HDR1X6)
Add component. Clean all parameters for all variants
Add component (AddParameter): Name = "LatestRevisionDate"; Value = "17-Jul-2002"; VariantName = "[No Variations]"
Add component (AddParameter): Name = "LatestRevisionNote"; Value = "Re-released for DXP Platform."; VariantName = "[No Variations]"
Add component (AddParameter): Name = "Publisher"; Value = "Altium Limited"; VariantName = "[No Variations]"
Added Component: Designator=motorDriver(*SHIELD_POLOLU-713)
Add component. Clean all parameters for all variants
Add component (AddParameter): Name = "Availability"; Value = "Unavailable"; VariantName = "[No Variations]"
Add component (AddParameter): Name = "MF"; Value = "Pololu"; VariantName = "[No Variations]"
Add component (AddParameter): Name = "MP"; Value = "POLOLU-713"; VariantName = "[No Variations]"
Add component (AddParameter): Name = "Package"; Value = "None"; VariantName = "[No Variations]"
Add component (AddParameter): Name = "Price"; Value = "None"; VariantName = "[No Variations]"
Add component (AddParameter): Name = "SnapEDA_Link"; Value = "https://www.snapeda.com/parts/POLOLU-713/Pololu/view-part/?ref=snap"; VariantName = "[No Variations]"
Add component (AddParameter): Name = "Value"; Value = ""; VariantName = "[No Variations]"
Added Component: Designator=rightMotor(HDR1X6)
Add component. Clean all parameters for all variants
Add component (AddParameter): Name = "LatestRevisionDate"; Value = "17-Jul-2002"; VariantName = "[No Variations]"
Add component (AddParameter): Name = "LatestRevisionNote"; Value = "Re-released for DXP Platform."; VariantName = "[No Variations]"
Add component (AddParameter): Name = "Publisher"; Value = "Altium Limited"; VariantName = "[No Variations]"
Added Component: Designator=stm32(BLUE_PILL_ADV)
Add component. Clean all parameters for all variants
Added Component: Designator=stmPins1(HDR1X20)
Add component. Clean all parameters for all variants
Add component (AddParameter): Name = "LatestRevisionDate"; Value = "17-Jul-2002"; VariantName = "[No Variations]"
Add component (AddParameter): Name = "LatestRevisionNote"; Value = "Re-released for DXP Platform."; VariantName = "[No Variations]"
Add component (AddParameter): Name = "Publisher"; Value = "Altium Limited"; VariantName = "[No Variations]"
Added Component: Designator=stmPins2(HDR1X20)
Add component. Clean all parameters for all variants
Add component (AddParameter): Name = "LatestRevisionDate"; Value = "17-Jul-2002"; VariantName = "[No Variations]"
Add component (AddParameter): Name = "LatestRevisionNote"; Value = "Re-released for DXP Platform."; VariantName = "[No Variations]"
Add component (AddParameter): Name = "Publisher"; Value = "Altium Limited"; VariantName = "[No Variations]"
Added Component: Designator=tof01(HDR1X7)
Add component. Clean all parameters for all variants
Add component (AddParameter): Name = "LatestRevisionDate"; Value = "17-Jul-2002"; VariantName = "[No Variations]"
Add component (AddParameter): Name = "LatestRevisionNote"; Value = "Re-released for DXP Platform."; VariantName = "[No Variations]"
Add component (AddParameter): Name = "Publisher"; Value = "Altium Limited"; VariantName = "[No Variations]"
Added Component: Designator=tof02(HDR1X7)
Add component. Clean all parameters for all variants
Add component (AddParameter): Name = "LatestRevisionDate"; Value = "17-Jul-2002"; VariantName = "[No Variations]"
Add component (AddParameter): Name = "LatestRevisionNote"; Value = "Re-released for DXP Platform."; VariantName = "[No Variations]"
Add component (AddParameter): Name = "Publisher"; Value = "Altium Limited"; VariantName = "[No Variations]"
Added Component: Designator=tof03(HDR1X7)
Add component. Clean all parameters for all variants
Add component (AddParameter): Name = "LatestRevisionDate"; Value = "17-Jul-2002"; VariantName = "[No Variations]"
Add component (AddParameter): Name = "LatestRevisionNote"; Value = "Re-released for DXP Platform."; VariantName = "[No Variations]"
Add component (AddParameter): Name = "Publisher"; Value = "Altium Limited"; VariantName = "[No Variations]"
Added Component: Designator=tof04(HDR1X7)
Add component. Clean all parameters for all variants
Add component (AddParameter): Name = "LatestRevisionDate"; Value = "17-Jul-2002"; VariantName = "[No Variations]"
Add component (AddParameter): Name = "LatestRevisionNote"; Value = "Re-released for DXP Platform."; VariantName = "[No Variations]"
Add component (AddParameter): Name = "Publisher"; Value = "Altium Limited"; VariantName = "[No Variations]"
Added Component: Designator=tof05(HDR1X7)
Add component. Clean all parameters for all variants
Add component (AddParameter): Name = "LatestRevisionDate"; Value = "17-Jul-2002"; VariantName = "[No Variations]"
Add component (AddParameter): Name = "LatestRevisionNote"; Value = "Re-released for DXP Platform."; VariantName = "[No Variations]"
Add component (AddParameter): Name = "Publisher"; Value = "Altium Limited"; VariantName = "[No Variations]"
Added Pin To Net: NetName=Net+5V_1 Pin=+5V-1
Added Pin To Net: NetName=Net+5V_1 Pin=+5V-2
Added Pin To Net: NetName=Net+5V_1 Pin=+5V-3
Added Pin To Net: NetName=Net+5V_1 Pin=motorDriver-2
Added Pin To Net: NetName=Net+5V_1 Pin=stm32-P$18
Added Pin To Net: NetName=Net+5V_1 Pin=stmPins2-18
Added Net: Name=Net+5V_1
Added Pin To Net: NetName=Net+6V_1 Pin=+6V-1
Added Pin To Net: NetName=Net+6V_1 Pin=+6V-2
Added Pin To Net: NetName=Net+6V_1 Pin=+6V-3
Added Pin To Net: NetName=Net+6V_1 Pin=motorDriver-7
Added Net: Name=Net+6V_1
Added Pin To Net: NetName=NetGND (5V)_1 Pin=GND (5V)-1
Added Pin To Net: NetName=NetGND (5V)_1 Pin=GND (5V)-2
Added Pin To Net: NetName=NetGND (5V)_1 Pin=GND (5V)-3
Added Pin To Net: NetName=NetGND (5V)_1 Pin=motorDriver-1
Added Pin To Net: NetName=NetGND (5V)_1 Pin=stm32-P$19
Added Pin To Net: NetName=NetGND (5V)_1 Pin=stmPins2-19
Added Net: Name=NetGND (5V)_1
Added Pin To Net: NetName=NetGND (6V)_1 Pin=GND (6V)-1
Added Pin To Net: NetName=NetGND (6V)_1 Pin=GND (6V)-2
Added Pin To Net: NetName=NetGND (6V)_1 Pin=GND (6V)-3
Added Pin To Net: NetName=NetGND (6V)_1 Pin=motorDriver-8
Added Net: Name=NetGND (6V)_1
Added Pin To Net: NetName=Netstm32_P$1 Pin=stm32-P$1
Added Pin To Net: NetName=Netstm32_P$1 Pin=stmPins2-1
Added Net: Name=Netstm32_P$1
Added Pin To Net: NetName=Netstm32_P$2 Pin=stm32-P$2
Added Pin To Net: NetName=Netstm32_P$2 Pin=stmPins2-2
Added Net: Name=Netstm32_P$2
Added Pin To Net: NetName=Netstm32_P$3 Pin=stm32-P$3
Added Pin To Net: NetName=Netstm32_P$3 Pin=stmPins2-3
Added Net: Name=Netstm32_P$3
Added Pin To Net: NetName=Netstm32_P$4 Pin=stm32-P$4
Added Pin To Net: NetName=Netstm32_P$4 Pin=stmPins2-4
Added Net: Name=Netstm32_P$4
Added Pin To Net: NetName=Netstm32_P$5 Pin=stm32-P$5
Added Pin To Net: NetName=Netstm32_P$5 Pin=stmPins2-5
Added Net: Name=Netstm32_P$5
Added Pin To Net: NetName=Netstm32_P$6 Pin=stm32-P$6
Added Pin To Net: NetName=Netstm32_P$6 Pin=stmPins2-6
Added Net: Name=Netstm32_P$6
Added Pin To Net: NetName=Netstm32_P$7 Pin=stm32-P$7
Added Pin To Net: NetName=Netstm32_P$7 Pin=stmPins2-7
Added Net: Name=Netstm32_P$7
Added Pin To Net: NetName=Netstm32_P$8 Pin=stm32-P$8
Added Pin To Net: NetName=Netstm32_P$8 Pin=stmPins2-8
Added Net: Name=Netstm32_P$8
Added Pin To Net: NetName=Netstm32_P$9 Pin=stm32-P$9
Added Pin To Net: NetName=Netstm32_P$9 Pin=stmPins2-9
Added Net: Name=Netstm32_P$9
Added Pin To Net: NetName=Netstm32_P$10 Pin=stm32-P$10
Added Pin To Net: NetName=Netstm32_P$10 Pin=stmPins2-10
Added Net: Name=Netstm32_P$10
Added Pin To Net: NetName=Netstm32_P$11 Pin=stm32-P$11
Added Pin To Net: NetName=Netstm32_P$11 Pin=stmPins2-11
Added Net: Name=Netstm32_P$11
Added Pin To Net: NetName=Netstm32_P$12 Pin=stm32-P$12
Added Pin To Net: NetName=Netstm32_P$12 Pin=stmPins2-12
Added Net: Name=Netstm32_P$12
Added Pin To Net: NetName=Netstm32_P$13 Pin=stm32-P$13
Added Pin To Net: NetName=Netstm32_P$13 Pin=stmPins2-13
Added Net: Name=Netstm32_P$13
Added Pin To Net: NetName=Netstm32_P$14 Pin=stm32-P$14
Added Pin To Net: NetName=Netstm32_P$14 Pin=stmPins2-14
Added Net: Name=Netstm32_P$14
Added Pin To Net: NetName=Netstm32_P$15 Pin=stm32-P$15
Added Pin To Net: NetName=Netstm32_P$15 Pin=stmPins2-15
Added Net: Name=Netstm32_P$15
Added Pin To Net: NetName=Netstm32_P$16 Pin=stm32-P$16
Added Pin To Net: NetName=Netstm32_P$16 Pin=stmPins2-16
Added Net: Name=Netstm32_P$16
Added Pin To Net: NetName=Netstm32_P$17 Pin=stm32-P$17
Added Pin To Net: NetName=Netstm32_P$17 Pin=stmPins2-17
Added Net: Name=Netstm32_P$17
Added Pin To Net: NetName=Netstm32_P$20 Pin=stm32-P$20
Added Pin To Net: NetName=Netstm32_P$20 Pin=stmPins2-20
Added Net: Name=Netstm32_P$20
Added Pin To Net: NetName=Netstm32_P$21 Pin=stm32-P$21
Added Pin To Net: NetName=Netstm32_P$21 Pin=stmPins1-20
Added Net: Name=Netstm32_P$21
Added Pin To Net: NetName=Netstm32_P$22 Pin=stm32-P$22
Added Pin To Net: NetName=Netstm32_P$22 Pin=stmPins1-19
Added Net: Name=Netstm32_P$22
Added Pin To Net: NetName=Netstm32_P$23 Pin=stm32-P$23
Added Pin To Net: NetName=Netstm32_P$23 Pin=stmPins1-18
Added Net: Name=Netstm32_P$23
Added Pin To Net: NetName=Netstm32_P$24 Pin=stm32-P$24
Added Pin To Net: NetName=Netstm32_P$24 Pin=stmPins1-17
Added Net: Name=Netstm32_P$24
Added Pin To Net: NetName=Netstm32_P$25 Pin=stm32-P$25
Added Pin To Net: NetName=Netstm32_P$25 Pin=stmPins1-16
Added Net: Name=Netstm32_P$25
Added Pin To Net: NetName=Netstm32_P$26 Pin=stm32-P$26
Added Pin To Net: NetName=Netstm32_P$26 Pin=stmPins1-15
Added Net: Name=Netstm32_P$26
Added Pin To Net: NetName=Netstm32_P$27 Pin=stm32-P$27
Added Pin To Net: NetName=Netstm32_P$27 Pin=stmPins1-14
Added Net: Name=Netstm32_P$27
Added Pin To Net: NetName=Netstm32_P$28 Pin=stm32-P$28
Added Pin To Net: NetName=Netstm32_P$28 Pin=stmPins1-13
Added Net: Name=Netstm32_P$28
Added Pin To Net: NetName=Netstm32_P$29 Pin=stm32-P$29
Added Pin To Net: NetName=Netstm32_P$29 Pin=stmPins1-12
Added Net: Name=Netstm32_P$29
Added Pin To Net: NetName=Netstm32_P$30 Pin=stm32-P$30
Added Pin To Net: NetName=Netstm32_P$30 Pin=stmPins1-11
Added Net: Name=Netstm32_P$30
Added Pin To Net: NetName=Netstm32_P$31 Pin=stm32-P$31
Added Pin To Net: NetName=Netstm32_P$31 Pin=stmPins1-10
Added Net: Name=Netstm32_P$31
Added Pin To Net: NetName=Netstm32_P$32 Pin=stm32-P$32
Added Pin To Net: NetName=Netstm32_P$32 Pin=stmPins1-9
Added Net: Name=Netstm32_P$32
Added Pin To Net: NetName=Netstm32_P$33 Pin=stm32-P$33
Added Pin To Net: NetName=Netstm32_P$33 Pin=stmPins1-8
Added Net: Name=Netstm32_P$33
Added Pin To Net: NetName=Netstm32_P$34 Pin=stm32-P$34
Added Pin To Net: NetName=Netstm32_P$34 Pin=stmPins1-7
Added Net: Name=Netstm32_P$34
Added Pin To Net: NetName=Netstm32_P$35 Pin=stm32-P$35
Added Pin To Net: NetName=Netstm32_P$35 Pin=stmPins1-6
Added Net: Name=Netstm32_P$35
Added Pin To Net: NetName=Netstm32_P$36 Pin=stm32-P$36
Added Pin To Net: NetName=Netstm32_P$36 Pin=stmPins1-5
Added Net: Name=Netstm32_P$36
Added Pin To Net: NetName=Netstm32_P$37 Pin=stm32-P$37
Added Pin To Net: NetName=Netstm32_P$37 Pin=stmPins1-4
Added Net: Name=Netstm32_P$37
Added Pin To Net: NetName=Netstm32_P$38 Pin=stm32-P$38
Added Pin To Net: NetName=Netstm32_P$38 Pin=stmPins1-3
Added Net: Name=Netstm32_P$38
Added Pin To Net: NetName=Netstm32_P$39 Pin=stm32-P$39
Added Pin To Net: NetName=Netstm32_P$39 Pin=stmPins1-2
Added Net: Name=Netstm32_P$39
Added Pin To Net: NetName=Netstm32_P$40 Pin=stm32-P$40
Added Pin To Net: NetName=Netstm32_P$40 Pin=stmPins1-1
Added Net: Name=Netstm32_P$40
Added Class: Name=piccaloSchematic
Added Room: Name=piccaloSchematic
